<?xml version="1.0" encoding="UTF-8"?>
<!-- Generated by org.testng.reporters.JUnitXMLReporter -->
<testsuite hostname="HMS-DT-N-9" name="Test(failed)(failed)" tests="1" failures="1" timestamp="20 Dec 2024 15:16:06 GMT" time="174.761" errors="0">
  <testcase name="TC_189_190" time="165.682" classname="com.hotelogix.smoke.FrontdeskTest.FrontdeskTest">
    <failure type="org.openqa.selenium.ElementNotInteractableException" message="Element &amp;lt;input class=&amp;quot;disablethis button&amp;quot; name=&amp;quot;next&amp;quot; type=&amp;quot;submit&amp;quot;&amp;gt; could not be scrolled into view
Build info: version: &amp;apos;3.141.5&amp;apos;, revision: &amp;apos;d54ebd709a&amp;apos;, time: &amp;apos;2018-11-06T11:42:16&amp;apos;
System info: host: &amp;apos;HMS-DT-N-9&amp;apos;, ip: &amp;apos;192.168.2.115&amp;apos;, os.name: &amp;apos;Windows 10&amp;apos;, os.arch: &amp;apos;amd64&amp;apos;, os.version: &amp;apos;10.0&amp;apos;, java.version: &amp;apos;1.8.0_411&amp;apos;
Driver info: org.openqa.selenium.firefox.FirefoxDriver
Capabilities {acceptInsecureCerts: true, browserName: firefox, browserVersion: 124.0.2, javascriptEnabled: true, moz:accessibilityChecks: false, moz:buildID: 20240401114208, moz:geckodriverVersion: 0.29.0, moz:headless: false, moz:platformVersion: 10.0, moz:processID: 10456, moz:profile: C:\Users\qa\AppData\Local\T..., moz:shutdownTimeout: 60000, moz:webdriverClick: true, moz:windowless: false, pageLoadStrategy: normal, platform: WINDOWS, platformName: WINDOWS, proxy: Proxy(), setWindowRect: true, strictFileInteractability: false, timeouts: {implicit: 0, pageLoad: 300000, script: 30000}, unhandledPromptBehavior: dismiss and notify}
Session ID: 6e024c64-f7b7-4cd9-97d3-8ced1d7a93c9">
      <![CDATA[org.openqa.selenium.ElementNotInteractableException: Element <input class="disablethis button" name="next" type="submit"> could not be scrolled into view
Build info: version: '3.141.5', revision: 'd54ebd709a', time: '2018-11-06T11:42:16'
System info: host: 'HMS-DT-N-9', ip: '192.168.2.115', os.name: 'Windows 10', os.arch: 'amd64', os.version: '10.0', java.version: '1.8.0_411'
Driver info: org.openqa.selenium.firefox.FirefoxDriver
Capabilities {acceptInsecureCerts: true, browserName: firefox, browserVersion: 124.0.2, javascriptEnabled: true, moz:accessibilityChecks: false, moz:buildID: 20240401114208, moz:geckodriverVersion: 0.29.0, moz:headless: false, moz:platformVersion: 10.0, moz:processID: 10456, moz:profile: C:\Users\qa\AppData\Local\T..., moz:shutdownTimeout: 60000, moz:webdriverClick: true, moz:windowless: false, pageLoadStrategy: normal, platform: WINDOWS, platformName: WINDOWS, proxy: Proxy(), setWindowRect: true, strictFileInteractability: false, timeouts: {implicit: 0, pageLoad: 300000, script: 30000}, unhandledPromptBehavior: dismiss and notify}
Session ID: 6e024c64-f7b7-4cd9-97d3-8ced1d7a93c9
	at org.openqa.selenium.remote.http.W3CHttpResponseCodec.createException(W3CHttpResponseCodec.java:187)
	at org.openqa.selenium.remote.http.W3CHttpResponseCodec.decode(W3CHttpResponseCodec.java:122)
	at org.openqa.selenium.remote.http.W3CHttpResponseCodec.decode(W3CHttpResponseCodec.java:49)
	at org.openqa.selenium.remote.HttpCommandExecutor.execute(HttpCommandExecutor.java:158)
	at org.openqa.selenium.remote.service.DriverCommandExecutor.execute(DriverCommandExecutor.java:83)
	at org.openqa.selenium.remote.RemoteWebDriver.execute(RemoteWebDriver.java:552)
	at org.openqa.selenium.remote.RemoteWebElement.execute(RemoteWebElement.java:285)
	at org.openqa.selenium.remote.RemoteWebElement.click(RemoteWebElement.java:84)
	at org.openqa.selenium.support.pagefactory.internal.LocatingElementHandler.invoke(LocatingElementHandler.java:51)
	at com.sun.proxy.$Proxy11.click(Unknown Source)
	at com.hotelogix.smoke.genericandbase.GenericMethods.clickElement(GenericMethods.java:534)
	at com.hotelogix.smoke.admin.PriceManager.AddEditPackage.clickOnSave(AddEditPackage.java:193)
	at com.hotelogix.smoke.admin.PriceManager.AddEditPackage.makePackage(AddEditPackage.java:211)
	at com.hotelogix.smoke.FrontdeskTest.FrontdeskTest.TC_189_190(FrontdeskTest.java:274)
... Removed 32 stack frames]]>
    </failure>
  </testcase> <!-- TC_189_190 -->
</testsuite> <!-- Test(failed)(failed) -->
